{
  "stats": {
    "suites": 12,
    "tests": 12,
    "passes": 0,
    "pending": 0,
    "failures": 12,
    "start": "2022-07-07T22:13:29.389Z",
    "end": "2022-07-07T22:13:30.621Z",
    "duration": 1232,
    "testsRegistered": 41,
    "passPercent": 0,
    "pendingPercent": 0,
    "other": 0,
    "hasOther": false,
    "skipped": 29,
    "hasSkipped": true
  },
  "results": [
    {
      "uuid": "6472ec6b-b363-4af6-afdd-b7a2a4b2fbe4",
      "title": "",
      "fullFile": "cypress/e2e/project.cy.js",
      "file": "cypress/e2e/project.cy.js",
      "beforeHooks": [],
      "afterHooks": [],
      "tests": [],
      "suites": [
        {
          "uuid": "bf761d4b-77c0-42e8-969e-e59a38046b09",
          "title": "1 - Adicione à página o título \"Paleta de Cores\".",
          "fullFile": "",
          "file": "",
          "beforeHooks": [],
          "afterHooks": [],
          "tests": [
            {
              "title": "Verifica se contém um elemento `h1` com o id `title` com o título correto",
              "fullTitle": "1 - Adicione à página o título \"Paleta de Cores\". Verifica se contém um elemento `h1` com o id `title` com o título correto",
              "timedOut": null,
              "duration": 110,
              "state": "failed",
              "speed": null,
              "pass": false,
              "fail": true,
              "pending": false,
              "context": null,
              "code": "cy.get('h1#title').should('contain.text', 'Paleta de Cores');",
              "err": {
                "message": "CypressError: `cy.visit()` failed trying to load:\n\n./index.html\n\nWe failed looking for this file at the path:\n\n/home/usuario/Ãrea de Trabalho/TRYBE/Projetos Trybe/projeto 03: Pixels Art/sd-024-a-project-pixels-art/index.html\n\nThe internal Cypress web server responded with:\n\n  > 404: Not Found\n\nBecause this error occurred during a `before each` hook we are skipping the remaining tests in the current suite: `1 - Adicione à página o tít...`",
                "estack": "CypressError: `cy.visit()` failed trying to load:\n\n./index.html\n\nWe failed looking for this file at the path:\n\n/home/usuario/Ãrea de Trabalho/TRYBE/Projetos Trybe/projeto 03: Pixels Art/sd-024-a-project-pixels-art/index.html\n\nThe internal Cypress web server responded with:\n\n  > 404: Not Found\n\nBecause this error occurred during a `before each` hook we are skipping the remaining tests in the current suite: `1 - Adicione à página o tít...`\n    at http://localhost:34209/__cypress/runner/cypress_runner.js:156624:84\n    at visitFailedByErr (http://localhost:34209/__cypress/runner/cypress_runner.js:155945:12)\n    at http://localhost:34209/__cypress/runner/cypress_runner.js:156604:13\n    at tryCatcher (http://localhost:34209/__cypress/runner/cypress_runner.js:13012:23)\n    at Promise._settlePromiseFromHandler (http://localhost:34209/__cypress/runner/cypress_runner.js:10947:31)\n    at Promise._settlePromise (http://localhost:34209/__cypress/runner/cypress_runner.js:11004:18)\n    at Promise._settlePromise0 (http://localhost:34209/__cypress/runner/cypress_runner.js:11049:10)\n    at Promise._settlePromises (http://localhost:34209/__cypress/runner/cypress_runner.js:11125:18)\n    at _drainQueueStep (http://localhost:34209/__cypress/runner/cypress_runner.js:7719:12)\n    at _drainQueue (http://localhost:34209/__cypress/runner/cypress_runner.js:7712:9)\n    at Async.../../node_modules/bluebird/js/release/async.js.Async._drainQueues (http://localhost:34209/__cypress/runner/cypress_runner.js:7728:5)\n    at Async.drainQueues (http://localhost:34209/__cypress/runner/cypress_runner.js:7598:14)\nFrom Your Spec Code:\n    at Context.eval (http://localhost:34209/__cypress/tests?p=cypress/e2e/project.cy.js:116:8)",
                "diff": null
              },
              "uuid": "1f121860-f447-45c0-aa7e-e38022a3a3f9",
              "parentUUID": "bf761d4b-77c0-42e8-969e-e59a38046b09",
              "isHook": false,
              "skipped": false
            }
          ],
          "suites": [],
          "passes": [],
          "failures": [
            "1f121860-f447-45c0-aa7e-e38022a3a3f9"
          ],
          "pending": [],
          "skipped": [],
          "duration": 110,
          "root": false,
          "rootEmpty": false,
          "_timeout": 2000
        },
        {
          "uuid": "bb0b1f73-24e1-4c23-b416-21dd363aa9eb",
          "title": "2 - Adicione à página uma paleta de quatro cores distintas.",
          "fullFile": "",
          "file": "",
          "beforeHooks": [],
          "afterHooks": [],
          "tests": [
            {
              "title": "A paleta de cores deve ser um elemento com `id` denominado `color-palette` e ter mais de 0px de altura e de largura.",
              "fullTitle": "2 - Adicione à página uma paleta de quatro cores distintas. A paleta de cores deve ser um elemento com `id` denominado `color-palette` e ter mais de 0px de altura e de largura.",
              "timedOut": null,
              "duration": 69,
              "state": "failed",
              "speed": null,
              "pass": false,
              "fail": true,
              "pending": false,
              "context": null,
              "code": "cy.get('#color-palette').should('be.visible');\ncy.get('#color-palette').children('.color');",
              "err": {
                "message": "CypressError: `cy.visit()` failed trying to load:\n\n./index.html\n\nWe failed looking for this file at the path:\n\n/home/usuario/Ãrea de Trabalho/TRYBE/Projetos Trybe/projeto 03: Pixels Art/sd-024-a-project-pixels-art/index.html\n\nThe internal Cypress web server responded with:\n\n  > 404: Not Found\n\nBecause this error occurred during a `before each` hook we are skipping the remaining tests in the current suite: `2 - Adicione à página uma p...`",
                "estack": "CypressError: `cy.visit()` failed trying to load:\n\n./index.html\n\nWe failed looking for this file at the path:\n\n/home/usuario/Ãrea de Trabalho/TRYBE/Projetos Trybe/projeto 03: Pixels Art/sd-024-a-project-pixels-art/index.html\n\nThe internal Cypress web server responded with:\n\n  > 404: Not Found\n\nBecause this error occurred during a `before each` hook we are skipping the remaining tests in the current suite: `2 - Adicione à página uma p...`\n    at http://localhost:34209/__cypress/runner/cypress_runner.js:156624:84\n    at visitFailedByErr (http://localhost:34209/__cypress/runner/cypress_runner.js:155945:12)\n    at http://localhost:34209/__cypress/runner/cypress_runner.js:156604:13\n    at tryCatcher (http://localhost:34209/__cypress/runner/cypress_runner.js:13012:23)\n    at Promise._settlePromiseFromHandler (http://localhost:34209/__cypress/runner/cypress_runner.js:10947:31)\n    at Promise._settlePromise (http://localhost:34209/__cypress/runner/cypress_runner.js:11004:18)\n    at Promise._settlePromise0 (http://localhost:34209/__cypress/runner/cypress_runner.js:11049:10)\n    at Promise._settlePromises (http://localhost:34209/__cypress/runner/cypress_runner.js:11125:18)\n    at _drainQueueStep (http://localhost:34209/__cypress/runner/cypress_runner.js:7719:12)\n    at _drainQueue (http://localhost:34209/__cypress/runner/cypress_runner.js:7712:9)\n    at Async.../../node_modules/bluebird/js/release/async.js.Async._drainQueues (http://localhost:34209/__cypress/runner/cypress_runner.js:7728:5)\n    at Async.drainQueues (http://localhost:34209/__cypress/runner/cypress_runner.js:7598:14)\nFrom Your Spec Code:\n    at Context.eval (http://localhost:34209/__cypress/tests?p=cypress/e2e/project.cy.js:124:8)",
                "diff": null
              },
              "uuid": "da693786-be93-44bf-a5ea-644739440d38",
              "parentUUID": "bb0b1f73-24e1-4c23-b416-21dd363aa9eb",
              "isHook": false,
              "skipped": false
            },
            {
              "title": "Verifica se cada cor individual da paleta de cores possui a `classe` chamada `color`.",
              "fullTitle": "2 - Adicione à página uma paleta de quatro cores distintas. Verifica se cada cor individual da paleta de cores possui a `classe` chamada `color`.",
              "timedOut": null,
              "duration": 0,
              "state": "skipped",
              "speed": null,
              "pass": false,
              "fail": false,
              "pending": false,
              "context": null,
              "code": "cy.get('.color').should('have.length', 4).then(colors => {\n  for (let i = 0; i < colors.length; i++) {\n    cy.wrap(colors[i]).should('be.visible');\n  }\n});",
              "err": {},
              "uuid": "51e3adec-3b3d-42f1-a2f6-347acd130158",
              "parentUUID": "bb0b1f73-24e1-4c23-b416-21dd363aa9eb",
              "isHook": false,
              "skipped": true
            },
            {
              "title": "Verifica se a cor de fundo de cada elemento da paleta é a cor que o elemento representa. **A única cor não permitida na paleta é a cor branca.**",
              "fullTitle": "2 - Adicione à página uma paleta de quatro cores distintas. Verifica se a cor de fundo de cada elemento da paleta é a cor que o elemento representa. **A única cor não permitida na paleta é a cor branca.**",
              "timedOut": null,
              "duration": 0,
              "state": "skipped",
              "speed": null,
              "pass": false,
              "fail": false,
              "pending": false,
              "context": null,
              "code": "cy.get('.color').each(color => {\n  cy.wrap(color).should('have.class', 'color').and('not.have.css', 'background-color', WHITE);\n  cy.wrap(color).should('have.css', 'background-color');\n});",
              "err": {},
              "uuid": "df9c9fb9-9d8b-4748-9564-e9265538055f",
              "parentUUID": "bb0b1f73-24e1-4c23-b416-21dd363aa9eb",
              "isHook": false,
              "skipped": true
            },
            {
              "title": "Verifica se cada elemento da paleta de cores tem uma borda preta, sólida e com 1 pixel de largura;",
              "fullTitle": "2 - Adicione à página uma paleta de quatro cores distintas. Verifica se cada elemento da paleta de cores tem uma borda preta, sólida e com 1 pixel de largura;",
              "timedOut": null,
              "duration": 0,
              "state": "skipped",
              "speed": null,
              "pass": false,
              "fail": false,
              "pending": false,
              "context": null,
              "code": "cy.get('.color').each(color => {\n  cy.wrap(color).and('have.css', 'border', `1px solid ${BLACK}`).and('have.class', 'color');\n});",
              "err": {},
              "uuid": "40faf365-badb-40e3-8fa6-a3489c212acf",
              "parentUUID": "bb0b1f73-24e1-4c23-b416-21dd363aa9eb",
              "isHook": false,
              "skipped": true
            },
            {
              "title": "Verifica se a paleta lista todas as cores disponíveis para utilização, lado a lado.",
              "fullTitle": "2 - Adicione à página uma paleta de quatro cores distintas. Verifica se a paleta lista todas as cores disponíveis para utilização, lado a lado.",
              "timedOut": null,
              "duration": 0,
              "state": "skipped",
              "speed": null,
              "pass": false,
              "fail": false,
              "pending": false,
              "context": null,
              "code": "cy.get('.color').then(colors => {\n  for (let index = 1; index < colors.length; index += 1) {\n    const currentColor = colors[index];\n    const previousColor = colors[index - 1];\n    cy.wrap(currentColor).should('be.onTheRightOf', previousColor).and('be.horizontallyAlignedWith', previousColor);\n  }\n});",
              "err": {},
              "uuid": "9308d779-dd15-46b5-8741-e170b141e498",
              "parentUUID": "bb0b1f73-24e1-4c23-b416-21dd363aa9eb",
              "isHook": false,
              "skipped": true
            },
            {
              "title": "Verifica se a paleta de cores está posicionada abaixo do título 'Paleta de Cores'",
              "fullTitle": "2 - Adicione à página uma paleta de quatro cores distintas. Verifica se a paleta de cores está posicionada abaixo do título 'Paleta de Cores'",
              "timedOut": null,
              "duration": 0,
              "state": "skipped",
              "speed": null,
              "pass": false,
              "fail": false,
              "pending": false,
              "context": null,
              "code": "cy.get('h1#title').then(title => {\n  cy.get('#color-palette').should('be.belowOf', title);\n});",
              "err": {},
              "uuid": "7bff7a35-9c16-4310-a267-1c7f266c0569",
              "parentUUID": "bb0b1f73-24e1-4c23-b416-21dd363aa9eb",
              "isHook": false,
              "skipped": true
            },
            {
              "title": "Verifica se a paleta de cores não contém cores repetidas.",
              "fullTitle": "2 - Adicione à página uma paleta de quatro cores distintas. Verifica se a paleta de cores não contém cores repetidas.",
              "timedOut": null,
              "duration": 0,
              "state": "skipped",
              "speed": null,
              "pass": false,
              "fail": false,
              "pending": false,
              "context": null,
              "code": "cy.get('.color').then(colors => {\n  const allColors = Array.from(colors).map(color => Cypress.$(color).css('background-color'));\n  cy.log(allColors);\n  const uniqColors = [...new Set(allColors)];\n  cy.log(uniqColors);\n  expect(allColors.length).to.eq(uniqColors.length);\n});",
              "err": {},
              "uuid": "b36fec52-0537-4179-8b4d-3297b513f0aa",
              "parentUUID": "bb0b1f73-24e1-4c23-b416-21dd363aa9eb",
              "isHook": false,
              "skipped": true
            }
          ],
          "suites": [],
          "passes": [],
          "failures": [
            "da693786-be93-44bf-a5ea-644739440d38"
          ],
          "pending": [],
          "skipped": [
            "51e3adec-3b3d-42f1-a2f6-347acd130158",
            "df9c9fb9-9d8b-4748-9564-e9265538055f",
            "40faf365-badb-40e3-8fa6-a3489c212acf",
            "9308d779-dd15-46b5-8741-e170b141e498",
            "7bff7a35-9c16-4310-a267-1c7f266c0569",
            "b36fec52-0537-4179-8b4d-3297b513f0aa"
          ],
          "duration": 69,
          "root": false,
          "rootEmpty": false,
          "_timeout": 2000
        },
        {
          "uuid": "5b8b26c4-5bb6-40e3-b9e7-1f268323b61f",
          "title": "3 - Adicione a cor **preta** como a primeira cor da paleta de cores.",
          "fullFile": "",
          "file": "",
          "beforeHooks": [],
          "afterHooks": [],
          "tests": [
            {
              "title": "Verifica se a primeira cor da paleta é preta",
              "fullTitle": "3 - Adicione a cor **preta** como a primeira cor da paleta de cores. Verifica se a primeira cor da paleta é preta",
              "timedOut": null,
              "duration": 51,
              "state": "failed",
              "speed": null,
              "pass": false,
              "fail": true,
              "pending": false,
              "context": null,
              "code": "cy.get('.color').first().should('have.css', 'background-color', BLACK);",
              "err": {
                "message": "CypressError: `cy.visit()` failed trying to load:\n\n./index.html\n\nWe failed looking for this file at the path:\n\n/home/usuario/Ãrea de Trabalho/TRYBE/Projetos Trybe/projeto 03: Pixels Art/sd-024-a-project-pixels-art/index.html\n\nThe internal Cypress web server responded with:\n\n  > 404: Not Found\n\nBecause this error occurred during a `before each` hook we are skipping the remaining tests in the current suite: `3 - Adicione a cor **preta*...`",
                "estack": "CypressError: `cy.visit()` failed trying to load:\n\n./index.html\n\nWe failed looking for this file at the path:\n\n/home/usuario/Ãrea de Trabalho/TRYBE/Projetos Trybe/projeto 03: Pixels Art/sd-024-a-project-pixels-art/index.html\n\nThe internal Cypress web server responded with:\n\n  > 404: Not Found\n\nBecause this error occurred during a `before each` hook we are skipping the remaining tests in the current suite: `3 - Adicione a cor **preta*...`\n    at http://localhost:34209/__cypress/runner/cypress_runner.js:156624:84\n    at visitFailedByErr (http://localhost:34209/__cypress/runner/cypress_runner.js:155945:12)\n    at http://localhost:34209/__cypress/runner/cypress_runner.js:156604:13\n    at tryCatcher (http://localhost:34209/__cypress/runner/cypress_runner.js:13012:23)\n    at Promise._settlePromiseFromHandler (http://localhost:34209/__cypress/runner/cypress_runner.js:10947:31)\n    at Promise._settlePromise (http://localhost:34209/__cypress/runner/cypress_runner.js:11004:18)\n    at Promise._settlePromise0 (http://localhost:34209/__cypress/runner/cypress_runner.js:11049:10)\n    at Promise._settlePromises (http://localhost:34209/__cypress/runner/cypress_runner.js:11125:18)\n    at _drainQueueStep (http://localhost:34209/__cypress/runner/cypress_runner.js:7719:12)\n    at _drainQueue (http://localhost:34209/__cypress/runner/cypress_runner.js:7712:9)\n    at Async.../../node_modules/bluebird/js/release/async.js.Async._drainQueues (http://localhost:34209/__cypress/runner/cypress_runner.js:7728:5)\n    at Async.drainQueues (http://localhost:34209/__cypress/runner/cypress_runner.js:7598:14)\nFrom Your Spec Code:\n    at Context.eval (http://localhost:34209/__cypress/tests?p=cypress/e2e/project.cy.js:174:8)",
                "diff": null
              },
              "uuid": "4b62471a-3020-4abe-b6a1-5742be0db084",
              "parentUUID": "5b8b26c4-5bb6-40e3-b9e7-1f268323b61f",
              "isHook": false,
              "skipped": false
            },
            {
              "title": "Verifica se as demais cores podem ser escolhidas livremente.",
              "fullTitle": "3 - Adicione a cor **preta** como a primeira cor da paleta de cores. Verifica se as demais cores podem ser escolhidas livremente.",
              "timedOut": null,
              "duration": 0,
              "state": "skipped",
              "speed": null,
              "pass": false,
              "fail": false,
              "pending": false,
              "context": null,
              "code": "cy.get('.color').eq(1).should('not.have.css', 'background-color', BLACK);\ncy.get('.color').eq(1).should('not.have.css', 'background-color', WHITE);\ncy.get('.color').eq(1).should('not.have.css', 'background-color', 'rgba(0, 0, 0, 0)');\ncy.get('.color').eq(1).should('have.css', 'background-color');\ncy.get('.color').eq(2).should('not.have.css', 'background-color', BLACK);\ncy.get('.color').eq(2).should('not.have.css', 'background-color', WHITE);\ncy.get('.color').eq(2).should('not.have.css', 'background-color', 'rgba(0, 0, 0, 0)');\ncy.get('.color').eq(2).should('have.css', 'background-color');\ncy.get('.color').eq(3).should('not.have.css', 'background-color', BLACK);\ncy.get('.color').eq(3).should('not.have.css', 'background-color', WHITE);\ncy.get('.color').eq(3).should('not.have.css', 'background-color', 'rgba(0, 0, 0, 0)');\ncy.get('.color').eq(3).should('have.css', 'background-color');",
              "err": {},
              "uuid": "e667fbae-2148-47a4-af53-dc0b3b6e3dff",
              "parentUUID": "5b8b26c4-5bb6-40e3-b9e7-1f268323b61f",
              "isHook": false,
              "skipped": true
            }
          ],
          "suites": [],
          "passes": [],
          "failures": [
            "4b62471a-3020-4abe-b6a1-5742be0db084"
          ],
          "pending": [],
          "skipped": [
            "e667fbae-2148-47a4-af53-dc0b3b6e3dff"
          ],
          "duration": 51,
          "root": false,
          "rootEmpty": false,
          "_timeout": 2000
        },
        {
          "uuid": "73ba2faf-2cfe-46ca-8763-cd1686bb6835",
          "title": "4 - Adicione à página um quadro de pixels, com 25 pixels.",
          "fullFile": "",
          "file": "",
          "beforeHooks": [],
          "afterHooks": [],
          "tests": [
            {
              "title": "Verifica se o quadro de pixels possui o `id` denominado `pixel-board`",
              "fullTitle": "4 - Adicione à página um quadro de pixels, com 25 pixels. Verifica se o quadro de pixels possui o `id` denominado `pixel-board`",
              "timedOut": null,
              "duration": 53,
              "state": "failed",
              "speed": null,
              "pass": false,
              "fail": true,
              "pending": false,
              "context": null,
              "code": "cy.get('#pixel-board').should('be.visible');",
              "err": {
                "message": "CypressError: `cy.visit()` failed trying to load:\n\n./index.html\n\nWe failed looking for this file at the path:\n\n/home/usuario/Ãrea de Trabalho/TRYBE/Projetos Trybe/projeto 03: Pixels Art/sd-024-a-project-pixels-art/index.html\n\nThe internal Cypress web server responded with:\n\n  > 404: Not Found\n\nBecause this error occurred during a `before each` hook we are skipping the remaining tests in the current suite: `4 - Adicione à página um qu...`",
                "estack": "CypressError: `cy.visit()` failed trying to load:\n\n./index.html\n\nWe failed looking for this file at the path:\n\n/home/usuario/Ãrea de Trabalho/TRYBE/Projetos Trybe/projeto 03: Pixels Art/sd-024-a-project-pixels-art/index.html\n\nThe internal Cypress web server responded with:\n\n  > 404: Not Found\n\nBecause this error occurred during a `before each` hook we are skipping the remaining tests in the current suite: `4 - Adicione à página um qu...`\n    at http://localhost:34209/__cypress/runner/cypress_runner.js:156624:84\n    at visitFailedByErr (http://localhost:34209/__cypress/runner/cypress_runner.js:155945:12)\n    at http://localhost:34209/__cypress/runner/cypress_runner.js:156604:13\n    at tryCatcher (http://localhost:34209/__cypress/runner/cypress_runner.js:13012:23)\n    at Promise._settlePromiseFromHandler (http://localhost:34209/__cypress/runner/cypress_runner.js:10947:31)\n    at Promise._settlePromise (http://localhost:34209/__cypress/runner/cypress_runner.js:11004:18)\n    at Promise._settlePromise0 (http://localhost:34209/__cypress/runner/cypress_runner.js:11049:10)\n    at Promise._settlePromises (http://localhost:34209/__cypress/runner/cypress_runner.js:11125:18)\n    at _drainQueueStep (http://localhost:34209/__cypress/runner/cypress_runner.js:7719:12)\n    at _drainQueue (http://localhost:34209/__cypress/runner/cypress_runner.js:7712:9)\n    at Async.../../node_modules/bluebird/js/release/async.js.Async._drainQueues (http://localhost:34209/__cypress/runner/cypress_runner.js:7728:5)\n    at Async.drainQueues (http://localhost:34209/__cypress/runner/cypress_runner.js:7598:14)\nFrom Your Spec Code:\n    at Context.eval (http://localhost:34209/__cypress/tests?p=cypress/e2e/project.cy.js:196:8)",
                "diff": null
              },
              "uuid": "707ec620-103d-4b87-bfa0-dadd38d4aa0e",
              "parentUUID": "73ba2faf-2cfe-46ca-8763-cd1686bb6835",
              "isHook": false,
              "skipped": false
            },
            {
              "title": "Verifica se cada pixel individual dentro do quadro possui a `classe` denominada `pixel`.",
              "fullTitle": "4 - Adicione à página um quadro de pixels, com 25 pixels. Verifica se cada pixel individual dentro do quadro possui a `classe` denominada `pixel`.",
              "timedOut": null,
              "duration": 0,
              "state": "skipped",
              "speed": null,
              "pass": false,
              "fail": false,
              "pending": false,
              "context": null,
              "code": "cy.get('.pixel').should('have.length', 25);",
              "err": {},
              "uuid": "82f92e96-727a-4010-b4e9-794096c19606",
              "parentUUID": "73ba2faf-2cfe-46ca-8763-cd1686bb6835",
              "isHook": false,
              "skipped": true
            },
            {
              "title": "Verifica se a cor inicial dos pixels dentro do quadro, ao abrir a página, é branca.",
              "fullTitle": "4 - Adicione à página um quadro de pixels, com 25 pixels. Verifica se a cor inicial dos pixels dentro do quadro, ao abrir a página, é branca.",
              "timedOut": null,
              "duration": 0,
              "state": "skipped",
              "speed": null,
              "pass": false,
              "fail": false,
              "pending": false,
              "context": null,
              "code": "cy.get('.pixel').should('have.length', 25).each(pixel => {\n  expect(pixel).to.have.css('background-color', WHITE);\n});",
              "err": {},
              "uuid": "4befe317-5b21-44ba-b450-eb4384829715",
              "parentUUID": "73ba2faf-2cfe-46ca-8763-cd1686bb6835",
              "isHook": false,
              "skipped": true
            },
            {
              "title": "Verifica se o quadro de pixels aparece abaixo da paleta de cores",
              "fullTitle": "4 - Adicione à página um quadro de pixels, com 25 pixels. Verifica se o quadro de pixels aparece abaixo da paleta de cores",
              "timedOut": null,
              "duration": 0,
              "state": "skipped",
              "speed": null,
              "pass": false,
              "fail": false,
              "pending": false,
              "context": null,
              "code": "cy.get('#color-palette').then(palette => {\n  cy.get('#pixel-board').should('be.belowOf', palette);\n});",
              "err": {},
              "uuid": "9e304783-4e35-4b6a-aaba-ecd3b5fd387d",
              "parentUUID": "73ba2faf-2cfe-46ca-8763-cd1686bb6835",
              "isHook": false,
              "skipped": true
            }
          ],
          "suites": [],
          "passes": [],
          "failures": [
            "707ec620-103d-4b87-bfa0-dadd38d4aa0e"
          ],
          "pending": [],
          "skipped": [
            "82f92e96-727a-4010-b4e9-794096c19606",
            "4befe317-5b21-44ba-b450-eb4384829715",
            "9e304783-4e35-4b6a-aaba-ecd3b5fd387d"
          ],
          "duration": 53,
          "root": false,
          "rootEmpty": false,
          "_timeout": 2000
        },
        {
          "uuid": "69981d46-23fa-4238-9d0e-156213b7aacf",
          "title": "5 - Faça com que cada elemento do quadro de pixels possua 40 pixels de largura, 40 pixels de altura e seja delimitado por uma borda preta de 1 pixel.",
          "fullFile": "",
          "file": "",
          "beforeHooks": [],
          "afterHooks": [],
          "tests": [
            {
              "title": "Verifica se o quadro de pixels tem altura e comprimento de 5 elementos",
              "fullTitle": "5 - Faça com que cada elemento do quadro de pixels possua 40 pixels de largura, 40 pixels de altura e seja delimitado por uma borda preta de 1 pixel. Verifica se o quadro de pixels tem altura e comprimento de 5 elementos",
              "timedOut": null,
              "duration": 53,
              "state": "failed",
              "speed": null,
              "pass": false,
              "fail": true,
              "pending": false,
              "context": null,
              "code": "cy.get('.pixel').should('have.length', 25).each(pixel => {\n  expect(pixel).to.have.css('background-color', WHITE);\n}).and(pixels => {\n  const rows = chunk(pixels, 5);\n  rows.forEach(row => {\n    for (let index = 1; index < row.length; index += 1) {\n      const current = pixels[index];\n      const previous = pixels[index - 1];\n      cy.wrap(current).should('be.onTheRightOf', previous).and('be.horizontallyAlignedWith', previous);\n    }\n  });\n  for (let index = 1; index < 5; index += 1) {\n    expect(pixels[index * 5]).to.be.belowOf(pixels[(index - 1) * 5]);\n  }\n});",
              "err": {
                "message": "CypressError: `cy.visit()` failed trying to load:\n\n./index.html\n\nWe failed looking for this file at the path:\n\n/home/usuario/Ãrea de Trabalho/TRYBE/Projetos Trybe/projeto 03: Pixels Art/sd-024-a-project-pixels-art/index.html\n\nThe internal Cypress web server responded with:\n\n  > 404: Not Found\n\nBecause this error occurred during a `before each` hook we are skipping the remaining tests in the current suite: `5 - Faça com que cada eleme...`",
                "estack": "CypressError: `cy.visit()` failed trying to load:\n\n./index.html\n\nWe failed looking for this file at the path:\n\n/home/usuario/Ãrea de Trabalho/TRYBE/Projetos Trybe/projeto 03: Pixels Art/sd-024-a-project-pixels-art/index.html\n\nThe internal Cypress web server responded with:\n\n  > 404: Not Found\n\nBecause this error occurred during a `before each` hook we are skipping the remaining tests in the current suite: `5 - Faça com que cada eleme...`\n    at http://localhost:34209/__cypress/runner/cypress_runner.js:156624:84\n    at visitFailedByErr (http://localhost:34209/__cypress/runner/cypress_runner.js:155945:12)\n    at http://localhost:34209/__cypress/runner/cypress_runner.js:156604:13\n    at tryCatcher (http://localhost:34209/__cypress/runner/cypress_runner.js:13012:23)\n    at Promise._settlePromiseFromHandler (http://localhost:34209/__cypress/runner/cypress_runner.js:10947:31)\n    at Promise._settlePromise (http://localhost:34209/__cypress/runner/cypress_runner.js:11004:18)\n    at Promise._settlePromise0 (http://localhost:34209/__cypress/runner/cypress_runner.js:11049:10)\n    at Promise._settlePromises (http://localhost:34209/__cypress/runner/cypress_runner.js:11125:18)\n    at _drainQueueStep (http://localhost:34209/__cypress/runner/cypress_runner.js:7719:12)\n    at _drainQueue (http://localhost:34209/__cypress/runner/cypress_runner.js:7712:9)\n    at Async.../../node_modules/bluebird/js/release/async.js.Async._drainQueues (http://localhost:34209/__cypress/runner/cypress_runner.js:7728:5)\n    at Async.drainQueues (http://localhost:34209/__cypress/runner/cypress_runner.js:7598:14)\nFrom Your Spec Code:\n    at Context.eval (http://localhost:34209/__cypress/tests?p=cypress/e2e/project.cy.js:217:8)",
                "diff": null
              },
              "uuid": "8384eb8d-712a-4642-84ad-f9d445953e8a",
              "parentUUID": "69981d46-23fa-4238-9d0e-156213b7aacf",
              "isHook": false,
              "skipped": false
            },
            {
              "title": "Verifica se 40 pixels é o tamanho total do elemento, incluindo seu conteúdo e excluindo a borda preta, que deve ser criada à parte.",
              "fullTitle": "5 - Faça com que cada elemento do quadro de pixels possua 40 pixels de largura, 40 pixels de altura e seja delimitado por uma borda preta de 1 pixel. Verifica se 40 pixels é o tamanho total do elemento, incluindo seu conteúdo e excluindo a borda preta, que deve ser criada à parte.",
              "timedOut": null,
              "duration": 0,
              "state": "skipped",
              "speed": null,
              "pass": false,
              "fail": false,
              "pending": false,
              "context": null,
              "code": "cy.get('.pixel').each(pixel => {\n  cy.wrap(pixel).should('have.css', 'height', '40px').and('have.css', 'width', '40px').and('have.css', 'border', `1px solid ${BLACK}`);\n});",
              "err": {},
              "uuid": "45f75211-4c18-4fc2-b4f2-4de5270f832b",
              "parentUUID": "69981d46-23fa-4238-9d0e-156213b7aacf",
              "isHook": false,
              "skipped": true
            }
          ],
          "suites": [],
          "passes": [],
          "failures": [
            "8384eb8d-712a-4642-84ad-f9d445953e8a"
          ],
          "pending": [],
          "skipped": [
            "45f75211-4c18-4fc2-b4f2-4de5270f832b"
          ],
          "duration": 53,
          "root": false,
          "rootEmpty": false,
          "_timeout": 2000
        },
        {
          "uuid": "96bc28d0-3a9c-43df-8318-67b1da7ed5bd",
          "title": "6 - Defina a cor preta como cor inicial. Ao carregar a página a cor preta já deve estar selecionada para pintar os pixels",
          "fullFile": "",
          "file": "",
          "beforeHooks": [],
          "afterHooks": [],
          "tests": [
            {
              "title": "Verifica se o elemento da cor preta possui, inicialmente, a `classe` `selected`",
              "fullTitle": "6 - Defina a cor preta como cor inicial. Ao carregar a página a cor preta já deve estar selecionada para pintar os pixels Verifica se o elemento da cor preta possui, inicialmente, a `classe` `selected`",
              "timedOut": null,
              "duration": 54,
              "state": "failed",
              "speed": null,
              "pass": false,
              "fail": true,
              "pending": false,
              "context": null,
              "code": "cy.get('.selected').first().should('have.css', 'background-color', BLACK);",
              "err": {
                "message": "CypressError: `cy.visit()` failed trying to load:\n\n./index.html\n\nWe failed looking for this file at the path:\n\n/home/usuario/Ãrea de Trabalho/TRYBE/Projetos Trybe/projeto 03: Pixels Art/sd-024-a-project-pixels-art/index.html\n\nThe internal Cypress web server responded with:\n\n  > 404: Not Found\n\nBecause this error occurred during a `before each` hook we are skipping the remaining tests in the current suite: `6 - Defina a cor preta como...`",
                "estack": "CypressError: `cy.visit()` failed trying to load:\n\n./index.html\n\nWe failed looking for this file at the path:\n\n/home/usuario/Ãrea de Trabalho/TRYBE/Projetos Trybe/projeto 03: Pixels Art/sd-024-a-project-pixels-art/index.html\n\nThe internal Cypress web server responded with:\n\n  > 404: Not Found\n\nBecause this error occurred during a `before each` hook we are skipping the remaining tests in the current suite: `6 - Defina a cor preta como...`\n    at http://localhost:34209/__cypress/runner/cypress_runner.js:156624:84\n    at visitFailedByErr (http://localhost:34209/__cypress/runner/cypress_runner.js:155945:12)\n    at http://localhost:34209/__cypress/runner/cypress_runner.js:156604:13\n    at tryCatcher (http://localhost:34209/__cypress/runner/cypress_runner.js:13012:23)\n    at Promise._settlePromiseFromHandler (http://localhost:34209/__cypress/runner/cypress_runner.js:10947:31)\n    at Promise._settlePromise (http://localhost:34209/__cypress/runner/cypress_runner.js:11004:18)\n    at Promise._settlePromise0 (http://localhost:34209/__cypress/runner/cypress_runner.js:11049:10)\n    at Promise._settlePromises (http://localhost:34209/__cypress/runner/cypress_runner.js:11125:18)\n    at _drainQueueStep (http://localhost:34209/__cypress/runner/cypress_runner.js:7719:12)\n    at _drainQueue (http://localhost:34209/__cypress/runner/cypress_runner.js:7712:9)\n    at Async.../../node_modules/bluebird/js/release/async.js.Async._drainQueues (http://localhost:34209/__cypress/runner/cypress_runner.js:7728:5)\n    at Async.drainQueues (http://localhost:34209/__cypress/runner/cypress_runner.js:7598:14)\nFrom Your Spec Code:\n    at Context.eval (http://localhost:34209/__cypress/tests?p=cypress/e2e/project.cy.js:245:8)",
                "diff": null
              },
              "uuid": "41e98adf-9cc7-41b6-bd1f-c8c6a82499e8",
              "parentUUID": "96bc28d0-3a9c-43df-8318-67b1da7ed5bd",
              "isHook": false,
              "skipped": false
            },
            {
              "title": "Verifica se nenhuma outra cor da paleta tem a `classe` `selected`",
              "fullTitle": "6 - Defina a cor preta como cor inicial. Ao carregar a página a cor preta já deve estar selecionada para pintar os pixels Verifica se nenhuma outra cor da paleta tem a `classe` `selected`",
              "timedOut": null,
              "duration": 0,
              "state": "skipped",
              "speed": null,
              "pass": false,
              "fail": false,
              "pending": false,
              "context": null,
              "code": "cy.get('.color:not(:first-child)').each(color => {\n  cy.wrap(color).should('not.have.class', 'selected');\n});",
              "err": {},
              "uuid": "20ff3cbc-9e13-4879-8105-de2710ef5c32",
              "parentUUID": "96bc28d0-3a9c-43df-8318-67b1da7ed5bd",
              "isHook": false,
              "skipped": true
            }
          ],
          "suites": [],
          "passes": [],
          "failures": [
            "41e98adf-9cc7-41b6-bd1f-c8c6a82499e8"
          ],
          "pending": [],
          "skipped": [
            "20ff3cbc-9e13-4879-8105-de2710ef5c32"
          ],
          "duration": 54,
          "root": false,
          "rootEmpty": false,
          "_timeout": 2000
        },
        {
          "uuid": "23d1cbcc-913b-4b32-8d61-2a2499264e13",
          "title": "7 - Clicar em uma das cores da paleta, faz com que ela seja selecionada e utilizada para preencher os pixels no quadro.",
          "fullFile": "",
          "file": "",
          "beforeHooks": [],
          "afterHooks": [],
          "tests": [
            {
              "title": "Verifica se somente uma cor da paleta de cores tem a classe `selected` de cada vez",
              "fullTitle": "7 - Clicar em uma das cores da paleta, faz com que ela seja selecionada e utilizada para preencher os pixels no quadro. Verifica se somente uma cor da paleta de cores tem a classe `selected` de cada vez",
              "timedOut": null,
              "duration": 65,
              "state": "failed",
              "speed": null,
              "pass": false,
              "fail": true,
              "pending": false,
              "context": null,
              "code": "cy.get('.color').each((selectedColor, selectedColorIndex) => {\n  cy.wrap(selectedColor).click();\n  cy.get('.color').each((color, colorIndex) => {\n    if (colorIndex === selectedColorIndex) {\n      expect(color).to.have.class('selected');\n    } else {\n      expect(color).not.to.have.class('selected');\n    }\n  });\n});",
              "err": {
                "message": "CypressError: `cy.visit()` failed trying to load:\n\n./index.html\n\nWe failed looking for this file at the path:\n\n/home/usuario/Ãrea de Trabalho/TRYBE/Projetos Trybe/projeto 03: Pixels Art/sd-024-a-project-pixels-art/index.html\n\nThe internal Cypress web server responded with:\n\n  > 404: Not Found\n\nBecause this error occurred during a `before each` hook we are skipping the remaining tests in the current suite: `7 - Clicar em uma das cores...`",
                "estack": "CypressError: `cy.visit()` failed trying to load:\n\n./index.html\n\nWe failed looking for this file at the path:\n\n/home/usuario/Ãrea de Trabalho/TRYBE/Projetos Trybe/projeto 03: Pixels Art/sd-024-a-project-pixels-art/index.html\n\nThe internal Cypress web server responded with:\n\n  > 404: Not Found\n\nBecause this error occurred during a `before each` hook we are skipping the remaining tests in the current suite: `7 - Clicar em uma das cores...`\n    at http://localhost:34209/__cypress/runner/cypress_runner.js:156624:84\n    at visitFailedByErr (http://localhost:34209/__cypress/runner/cypress_runner.js:155945:12)\n    at http://localhost:34209/__cypress/runner/cypress_runner.js:156604:13\n    at tryCatcher (http://localhost:34209/__cypress/runner/cypress_runner.js:13012:23)\n    at Promise._settlePromiseFromHandler (http://localhost:34209/__cypress/runner/cypress_runner.js:10947:31)\n    at Promise._settlePromise (http://localhost:34209/__cypress/runner/cypress_runner.js:11004:18)\n    at Promise._settlePromise0 (http://localhost:34209/__cypress/runner/cypress_runner.js:11049:10)\n    at Promise._settlePromises (http://localhost:34209/__cypress/runner/cypress_runner.js:11125:18)\n    at _drainQueueStep (http://localhost:34209/__cypress/runner/cypress_runner.js:7719:12)\n    at _drainQueue (http://localhost:34209/__cypress/runner/cypress_runner.js:7712:9)\n    at Async.../../node_modules/bluebird/js/release/async.js.Async._drainQueues (http://localhost:34209/__cypress/runner/cypress_runner.js:7728:5)\n    at Async.drainQueues (http://localhost:34209/__cypress/runner/cypress_runner.js:7598:14)\nFrom Your Spec Code:\n    at Context.eval (http://localhost:34209/__cypress/tests?p=cypress/e2e/project.cy.js:258:8)",
                "diff": null
              },
              "uuid": "bd93e8b4-ddde-498c-a27c-4cc4bc02b5b2",
              "parentUUID": "23d1cbcc-913b-4b32-8d61-2a2499264e13",
              "isHook": false,
              "skipped": false
            },
            {
              "title": "Verifica se os pixels dentro do quadro não têm a classe `selected` quando são clicados",
              "fullTitle": "7 - Clicar em uma das cores da paleta, faz com que ela seja selecionada e utilizada para preencher os pixels no quadro. Verifica se os pixels dentro do quadro não têm a classe `selected` quando são clicados",
              "timedOut": null,
              "duration": 0,
              "state": "skipped",
              "speed": null,
              "pass": false,
              "fail": false,
              "pending": false,
              "context": null,
              "code": "cy.get('.color').each(color => {\n  const backgroundColor = color.css('background-color');\n  cy.wrap(color).click();\n  cy.get('.pixel').each(pixel => {\n    cy.wrap(pixel).click().should('not.have.class', 'selected');\n  });\n});",
              "err": {},
              "uuid": "9c7a8670-b27f-43be-a61a-4162438db422",
              "parentUUID": "23d1cbcc-913b-4b32-8d61-2a2499264e13",
              "isHook": false,
              "skipped": true
            }
          ],
          "suites": [],
          "passes": [],
          "failures": [
            "bd93e8b4-ddde-498c-a27c-4cc4bc02b5b2"
          ],
          "pending": [],
          "skipped": [
            "9c7a8670-b27f-43be-a61a-4162438db422"
          ],
          "duration": 65,
          "root": false,
          "rootEmpty": false,
          "_timeout": 2000
        },
        {
          "uuid": "0ca79426-795c-43a5-af27-3e2930002997",
          "title": "8 - Clicar em um pixel dentro do quadro após selecionar uma cor na paleta, faz com que o pixel seja preenchido com a cor selecionada.",
          "fullFile": "",
          "file": "",
          "beforeHooks": [],
          "afterHooks": [],
          "tests": [
            {
              "title": "Verifica se ao carregar a página deve ser possível pintar os pixels de preto",
              "fullTitle": "8 - Clicar em um pixel dentro do quadro após selecionar uma cor na paleta, faz com que o pixel seja preenchido com a cor selecionada. Verifica se ao carregar a página deve ser possível pintar os pixels de preto",
              "timedOut": null,
              "duration": 59,
              "state": "failed",
              "speed": null,
              "pass": false,
              "fail": true,
              "pending": false,
              "context": null,
              "code": "cy.get('.pixel').each(pixel => {\n  cy.wrap(pixel).click().should('have.css', 'background-color', BLACK);\n});",
              "err": {
                "message": "CypressError: `cy.visit()` failed trying to load:\n\n./index.html\n\nWe failed looking for this file at the path:\n\n/home/usuario/Ãrea de Trabalho/TRYBE/Projetos Trybe/projeto 03: Pixels Art/sd-024-a-project-pixels-art/index.html\n\nThe internal Cypress web server responded with:\n\n  > 404: Not Found\n\nBecause this error occurred during a `before each` hook we are skipping the remaining tests in the current suite: `8 - Clicar em um pixel dent...`",
                "estack": "CypressError: `cy.visit()` failed trying to load:\n\n./index.html\n\nWe failed looking for this file at the path:\n\n/home/usuario/Ãrea de Trabalho/TRYBE/Projetos Trybe/projeto 03: Pixels Art/sd-024-a-project-pixels-art/index.html\n\nThe internal Cypress web server responded with:\n\n  > 404: Not Found\n\nBecause this error occurred during a `before each` hook we are skipping the remaining tests in the current suite: `8 - Clicar em um pixel dent...`\n    at http://localhost:34209/__cypress/runner/cypress_runner.js:156624:84\n    at visitFailedByErr (http://localhost:34209/__cypress/runner/cypress_runner.js:155945:12)\n    at http://localhost:34209/__cypress/runner/cypress_runner.js:156604:13\n    at tryCatcher (http://localhost:34209/__cypress/runner/cypress_runner.js:13012:23)\n    at Promise._settlePromiseFromHandler (http://localhost:34209/__cypress/runner/cypress_runner.js:10947:31)\n    at Promise._settlePromise (http://localhost:34209/__cypress/runner/cypress_runner.js:11004:18)\n    at Promise._settlePromise0 (http://localhost:34209/__cypress/runner/cypress_runner.js:11049:10)\n    at Promise._settlePromises (http://localhost:34209/__cypress/runner/cypress_runner.js:11125:18)\n    at _drainQueueStep (http://localhost:34209/__cypress/runner/cypress_runner.js:7719:12)\n    at _drainQueue (http://localhost:34209/__cypress/runner/cypress_runner.js:7712:9)\n    at Async.../../node_modules/bluebird/js/release/async.js.Async._drainQueues (http://localhost:34209/__cypress/runner/cypress_runner.js:7728:5)\n    at Async.drainQueues (http://localhost:34209/__cypress/runner/cypress_runner.js:7598:14)\nFrom Your Spec Code:\n    at Context.eval (http://localhost:34209/__cypress/tests?p=cypress/e2e/project.cy.js:284:8)",
                "diff": null
              },
              "uuid": "c685140a-d244-43f9-9165-915129930a4a",
              "parentUUID": "0ca79426-795c-43a5-af27-3e2930002997",
              "isHook": false,
              "skipped": false
            },
            {
              "title": "Verifica se após selecionar uma outra cor na paleta, é possível pintar os pixels com essa cor",
              "fullTitle": "8 - Clicar em um pixel dentro do quadro após selecionar uma cor na paleta, faz com que o pixel seja preenchido com a cor selecionada. Verifica se após selecionar uma outra cor na paleta, é possível pintar os pixels com essa cor",
              "timedOut": null,
              "duration": 0,
              "state": "skipped",
              "speed": null,
              "pass": false,
              "fail": false,
              "pending": false,
              "context": null,
              "code": "cy.get('.color').each(color => {\n  const backgroundColor = color.css('background-color');\n  cy.wrap(color).click();\n  cy.get('.pixel').each(pixel => {\n    cy.wrap(pixel).click().should('have.css', 'background-color', backgroundColor);\n  });\n});",
              "err": {},
              "uuid": "95a05b23-1ff8-4d27-9378-1e2478a92a3b",
              "parentUUID": "0ca79426-795c-43a5-af27-3e2930002997",
              "isHook": false,
              "skipped": true
            },
            {
              "title": "Verifica se somente o pixel que foi clicado foi preenchido com a cor selecionada, sem influenciar na cor dos demais pixels.",
              "fullTitle": "8 - Clicar em um pixel dentro do quadro após selecionar uma cor na paleta, faz com que o pixel seja preenchido com a cor selecionada. Verifica se somente o pixel que foi clicado foi preenchido com a cor selecionada, sem influenciar na cor dos demais pixels.",
              "timedOut": null,
              "duration": 0,
              "state": "skipped",
              "speed": null,
              "pass": false,
              "fail": false,
              "pending": false,
              "context": null,
              "code": "const colorToPixelIndexMap = {\n  0: 6,\n  1: 8,\n  2: 16,\n  3: 18\n};\ncy.get('.color').each((color, index) => {\n  cy.wrap(color).click();\n  const backgroundColor = color.css('background-color');\n  const clickedPixelIndex = colorToPixelIndexMap[index];\n  cy.get('.pixel').eq(clickedPixelIndex).click();\n  cy.get('.pixel').eq(clickedPixelIndex - 1).should('not.have.css', 'background-color', backgroundColor);\n  cy.get('.pixel').eq(clickedPixelIndex + 1).should('not.have.css', 'background-color', backgroundColor);\n  cy.get('.pixel').eq(clickedPixelIndex - 5).should('not.have.css', 'background-color', backgroundColor);\n  cy.get('.pixel').eq(clickedPixelIndex + 5).should('not.have.css', 'background-color', backgroundColor);\n  cy.get('.pixel').eq(clickedPixelIndex - 6).should('not.have.css', 'background-color', backgroundColor);\n  cy.get('.pixel').eq(clickedPixelIndex - 4).should('not.have.css', 'background-color', backgroundColor);\n  cy.get('.pixel').eq(clickedPixelIndex + 4).should('not.have.css', 'background-color', backgroundColor);\n  cy.get('.pixel').eq(clickedPixelIndex + 6).should('not.have.css', 'background-color', backgroundColor);\n});",
              "err": {},
              "uuid": "c97d978b-bad0-473f-a457-78a99ceda14b",
              "parentUUID": "0ca79426-795c-43a5-af27-3e2930002997",
              "isHook": false,
              "skipped": true
            }
          ],
          "suites": [],
          "passes": [],
          "failures": [
            "c685140a-d244-43f9-9165-915129930a4a"
          ],
          "pending": [],
          "skipped": [
            "95a05b23-1ff8-4d27-9378-1e2478a92a3b",
            "c97d978b-bad0-473f-a457-78a99ceda14b"
          ],
          "duration": 59,
          "root": false,
          "rootEmpty": false,
          "_timeout": 2000
        },
        {
          "uuid": "5048f9b0-95ce-45ce-bcc6-9be598a6aa4e",
          "title": "9 - Crie um botão que, ao ser clicado, limpa o quadro preenchendo a cor de todos seus pixels com branco.",
          "fullFile": "",
          "file": "",
          "beforeHooks": [],
          "afterHooks": [],
          "tests": [
            {
              "title": "Verifica se o botão tem o `id` denominado `clear-board`",
              "fullTitle": "9 - Crie um botão que, ao ser clicado, limpa o quadro preenchendo a cor de todos seus pixels com branco. Verifica se o botão tem o `id` denominado `clear-board`",
              "timedOut": null,
              "duration": 58,
              "state": "failed",
              "speed": null,
              "pass": false,
              "fail": true,
              "pending": false,
              "context": null,
              "code": "cy.get('#clear-board').should('be.visible');",
              "err": {
                "message": "CypressError: `cy.visit()` failed trying to load:\n\n./index.html\n\nWe failed looking for this file at the path:\n\n/home/usuario/Ãrea de Trabalho/TRYBE/Projetos Trybe/projeto 03: Pixels Art/sd-024-a-project-pixels-art/index.html\n\nThe internal Cypress web server responded with:\n\n  > 404: Not Found\n\nBecause this error occurred during a `before each` hook we are skipping the remaining tests in the current suite: `9 - Crie um botão que, ao s...`",
                "estack": "CypressError: `cy.visit()` failed trying to load:\n\n./index.html\n\nWe failed looking for this file at the path:\n\n/home/usuario/Ãrea de Trabalho/TRYBE/Projetos Trybe/projeto 03: Pixels Art/sd-024-a-project-pixels-art/index.html\n\nThe internal Cypress web server responded with:\n\n  > 404: Not Found\n\nBecause this error occurred during a `before each` hook we are skipping the remaining tests in the current suite: `9 - Crie um botão que, ao s...`\n    at http://localhost:34209/__cypress/runner/cypress_runner.js:156624:84\n    at visitFailedByErr (http://localhost:34209/__cypress/runner/cypress_runner.js:155945:12)\n    at http://localhost:34209/__cypress/runner/cypress_runner.js:156604:13\n    at tryCatcher (http://localhost:34209/__cypress/runner/cypress_runner.js:13012:23)\n    at Promise._settlePromiseFromHandler (http://localhost:34209/__cypress/runner/cypress_runner.js:10947:31)\n    at Promise._settlePromise (http://localhost:34209/__cypress/runner/cypress_runner.js:11004:18)\n    at Promise._settlePromise0 (http://localhost:34209/__cypress/runner/cypress_runner.js:11049:10)\n    at Promise._settlePromises (http://localhost:34209/__cypress/runner/cypress_runner.js:11125:18)\n    at _drainQueueStep (http://localhost:34209/__cypress/runner/cypress_runner.js:7719:12)\n    at _drainQueue (http://localhost:34209/__cypress/runner/cypress_runner.js:7712:9)\n    at Async.../../node_modules/bluebird/js/release/async.js.Async._drainQueues (http://localhost:34209/__cypress/runner/cypress_runner.js:7728:5)\n    at Async.drainQueues (http://localhost:34209/__cypress/runner/cypress_runner.js:7598:14)\nFrom Your Spec Code:\n    at Context.eval (http://localhost:34209/__cypress/tests?p=cypress/e2e/project.cy.js:325:8)",
                "diff": null
              },
              "uuid": "612751a0-94c0-471a-934c-dd0dd2b1021c",
              "parentUUID": "5048f9b0-95ce-45ce-bcc6-9be598a6aa4e",
              "isHook": false,
              "skipped": false
            },
            {
              "title": "Verifica se o botão está posicionado entre a paleta de cores e o quadro de pixels",
              "fullTitle": "9 - Crie um botão que, ao ser clicado, limpa o quadro preenchendo a cor de todos seus pixels com branco. Verifica se o botão está posicionado entre a paleta de cores e o quadro de pixels",
              "timedOut": null,
              "duration": 0,
              "state": "skipped",
              "speed": null,
              "pass": false,
              "fail": false,
              "pending": false,
              "context": null,
              "code": "cy.get('#color-palette').then(palette => {\n  cy.get('#clear-board').should('be.belowOf', palette);\n});\ncy.get('#clear-board').then(clearBtn => {\n  cy.get('#pixel-board').should('be.belowOf', clearBtn);\n});",
              "err": {},
              "uuid": "93102bd4-bfb7-4582-8636-9648fa6eb8df",
              "parentUUID": "5048f9b0-95ce-45ce-bcc6-9be598a6aa4e",
              "isHook": false,
              "skipped": true
            },
            {
              "title": "Verifica se o texto do botão é 'Limpar'",
              "fullTitle": "9 - Crie um botão que, ao ser clicado, limpa o quadro preenchendo a cor de todos seus pixels com branco. Verifica se o texto do botão é 'Limpar'",
              "timedOut": null,
              "duration": 0,
              "state": "skipped",
              "speed": null,
              "pass": false,
              "fail": false,
              "pending": false,
              "context": null,
              "code": "cy.get('#clear-board').should('contain.text', 'Limpar');",
              "err": {},
              "uuid": "58abb2c0-5c3b-40ca-a18b-0b0fd985020e",
              "parentUUID": "5048f9b0-95ce-45ce-bcc6-9be598a6aa4e",
              "isHook": false,
              "skipped": true
            },
            {
              "title": "Verifica se ao clicar no botão, o quadro de pixels é totalmente preenchido de branco",
              "fullTitle": "9 - Crie um botão que, ao ser clicado, limpa o quadro preenchendo a cor de todos seus pixels com branco. Verifica se ao clicar no botão, o quadro de pixels é totalmente preenchido de branco",
              "timedOut": null,
              "duration": 0,
              "state": "skipped",
              "speed": null,
              "pass": false,
              "fail": false,
              "pending": false,
              "context": null,
              "code": "cy.get('.color').eq(1).then(color => {\n  const backgroundColor = color.css('background-color');\n  cy.wrap(color).click();\n  cy.get('.pixel').each(pixel => {\n    cy.wrap(pixel).click().should('have.css', 'background-color', backgroundColor);\n  });\n});\ncy.get('#clear-board').click();\ncy.get('.pixel').each(pixel => {\n  cy.wrap(pixel).should('have.css', 'background-color', WHITE);\n});",
              "err": {},
              "uuid": "a49e4d21-7949-4803-abc6-81df413fc5be",
              "parentUUID": "5048f9b0-95ce-45ce-bcc6-9be598a6aa4e",
              "isHook": false,
              "skipped": true
            }
          ],
          "suites": [],
          "passes": [],
          "failures": [
            "612751a0-94c0-471a-934c-dd0dd2b1021c"
          ],
          "pending": [],
          "skipped": [
            "93102bd4-bfb7-4582-8636-9648fa6eb8df",
            "58abb2c0-5c3b-40ca-a18b-0b0fd985020e",
            "a49e4d21-7949-4803-abc6-81df413fc5be"
          ],
          "duration": 58,
          "root": false,
          "rootEmpty": false,
          "_timeout": 2000
        },
        {
          "uuid": "3083162b-033d-4979-9aa6-b87895d2cce9",
          "title": "10 - Faça o quadro de pixels ter seu tamanho definido pelo usuário.",
          "fullFile": "",
          "file": "",
          "beforeHooks": [],
          "afterHooks": [],
          "tests": [
            {
              "title": "Verifica se existe um input com o id `board-size`",
              "fullTitle": "10 - Faça o quadro de pixels ter seu tamanho definido pelo usuário. Verifica se existe um input com o id `board-size`",
              "timedOut": null,
              "duration": 170,
              "state": "failed",
              "speed": null,
              "pass": false,
              "fail": true,
              "pending": false,
              "context": null,
              "code": "cy.get('#board-size').should('be.visible');",
              "err": {
                "message": "CypressError: `cy.visit()` failed trying to load:\n\n./index.html\n\nWe failed looking for this file at the path:\n\n/home/usuario/Ãrea de Trabalho/TRYBE/Projetos Trybe/projeto 03: Pixels Art/sd-024-a-project-pixels-art/index.html\n\nThe internal Cypress web server responded with:\n\n  > 404: Not Found\n\nBecause this error occurred during a `before each` hook we are skipping the remaining tests in the current suite: `10 - Faça o quadro de pixel...`",
                "estack": "CypressError: `cy.visit()` failed trying to load:\n\n./index.html\n\nWe failed looking for this file at the path:\n\n/home/usuario/Ãrea de Trabalho/TRYBE/Projetos Trybe/projeto 03: Pixels Art/sd-024-a-project-pixels-art/index.html\n\nThe internal Cypress web server responded with:\n\n  > 404: Not Found\n\nBecause this error occurred during a `before each` hook we are skipping the remaining tests in the current suite: `10 - Faça o quadro de pixel...`\n    at http://localhost:34209/__cypress/runner/cypress_runner.js:156624:84\n    at visitFailedByErr (http://localhost:34209/__cypress/runner/cypress_runner.js:155945:12)\n    at http://localhost:34209/__cypress/runner/cypress_runner.js:156604:13\n    at tryCatcher (http://localhost:34209/__cypress/runner/cypress_runner.js:13012:23)\n    at Promise._settlePromiseFromHandler (http://localhost:34209/__cypress/runner/cypress_runner.js:10947:31)\n    at Promise._settlePromise (http://localhost:34209/__cypress/runner/cypress_runner.js:11004:18)\n    at Promise._settlePromise0 (http://localhost:34209/__cypress/runner/cypress_runner.js:11049:10)\n    at Promise._settlePromises (http://localhost:34209/__cypress/runner/cypress_runner.js:11125:18)\n    at _drainQueueStep (http://localhost:34209/__cypress/runner/cypress_runner.js:7719:12)\n    at _drainQueue (http://localhost:34209/__cypress/runner/cypress_runner.js:7712:9)\n    at Async.../../node_modules/bluebird/js/release/async.js.Async._drainQueues (http://localhost:34209/__cypress/runner/cypress_runner.js:7728:5)\n    at Async.drainQueues (http://localhost:34209/__cypress/runner/cypress_runner.js:7598:14)\nFrom Your Spec Code:\n    at Context.eval (http://localhost:34209/__cypress/tests?p=cypress/e2e/project.cy.js:357:8)",
                "diff": null
              },
              "uuid": "0fd4365f-666f-41c6-b092-5ac81718927c",
              "parentUUID": "3083162b-033d-4979-9aa6-b87895d2cce9",
              "isHook": false,
              "skipped": false
            },
            {
              "title": "Verifica se existe um botão com o id `generate-board`",
              "fullTitle": "10 - Faça o quadro de pixels ter seu tamanho definido pelo usuário. Verifica se existe um botão com o id `generate-board`",
              "timedOut": null,
              "duration": 0,
              "state": "skipped",
              "speed": null,
              "pass": false,
              "fail": false,
              "pending": false,
              "context": null,
              "code": "cy.get('#generate-board').should('be.visible');",
              "err": {},
              "uuid": "273127ac-6d93-4406-8be7-ef50e3ca0e3c",
              "parentUUID": "3083162b-033d-4979-9aa6-b87895d2cce9",
              "isHook": false,
              "skipped": true
            },
            {
              "title": "Verifica se o input só aceita número maiores que zero. Essa restrição deve ser feita usando os atributos do elemento `input`",
              "fullTitle": "10 - Faça o quadro de pixels ter seu tamanho definido pelo usuário. Verifica se o input só aceita número maiores que zero. Essa restrição deve ser feita usando os atributos do elemento `input`",
              "timedOut": null,
              "duration": 0,
              "state": "skipped",
              "speed": null,
              "pass": false,
              "fail": false,
              "pending": false,
              "context": null,
              "code": "cy.get('#board-size[type=\\'number\\'][min=\\'1\\']');",
              "err": {},
              "uuid": "5c4debde-75ab-4af6-ac95-79908e5bc623",
              "parentUUID": "3083162b-033d-4979-9aa6-b87895d2cce9",
              "isHook": false,
              "skipped": true
            },
            {
              "title": "Verifica se o botão contém o texto 'VQV'",
              "fullTitle": "10 - Faça o quadro de pixels ter seu tamanho definido pelo usuário. Verifica se o botão contém o texto 'VQV'",
              "timedOut": null,
              "duration": 0,
              "state": "skipped",
              "speed": null,
              "pass": false,
              "fail": false,
              "pending": false,
              "context": null,
              "code": "cy.get('#generate-board').contains(/vqv/i);",
              "err": {},
              "uuid": "f9db0f43-f78a-49d2-b3db-031b768d7e4f",
              "parentUUID": "3083162b-033d-4979-9aa6-b87895d2cce9",
              "isHook": false,
              "skipped": true
            },
            {
              "title": "Verifica se o input está posicionado entre a paleta de cores e o quadro de pixels",
              "fullTitle": "10 - Faça o quadro de pixels ter seu tamanho definido pelo usuário. Verifica se o input está posicionado entre a paleta de cores e o quadro de pixels",
              "timedOut": null,
              "duration": 0,
              "state": "skipped",
              "speed": null,
              "pass": false,
              "fail": false,
              "pending": false,
              "context": null,
              "code": "cy.get('#color-palette').then(palette => {\n  cy.get('#board-size').should('be.belowOf', palette);\n});\ncy.get('#board-size').then(palette => {\n  cy.get('#pixel-board').should('be.belowOf', palette);\n});",
              "err": {},
              "uuid": "2b18fd31-14c9-49e1-91ff-6cbfa768605a",
              "parentUUID": "3083162b-033d-4979-9aa6-b87895d2cce9",
              "isHook": false,
              "skipped": true
            },
            {
              "title": "Verifica se o botão está posicionado ao lado do input",
              "fullTitle": "10 - Faça o quadro de pixels ter seu tamanho definido pelo usuário. Verifica se o botão está posicionado ao lado do input",
              "timedOut": null,
              "duration": 0,
              "state": "skipped",
              "speed": null,
              "pass": false,
              "fail": false,
              "pending": false,
              "context": null,
              "code": "cy.get('#board-size').then(board => {\n  cy.get('#generate-board').should('be.onTheRightOf', board);\n});",
              "err": {},
              "uuid": "dff5ce5e-9da3-4bdf-90bf-eac5e32efe51",
              "parentUUID": "3083162b-033d-4979-9aa6-b87895d2cce9",
              "isHook": false,
              "skipped": true
            },
            {
              "title": "Verifica se nenhum valor for colocado no input ao clicar no botão, um `alert` é exibido com o texto: 'Board inválido!'",
              "fullTitle": "10 - Faça o quadro de pixels ter seu tamanho definido pelo usuário. Verifica se nenhum valor for colocado no input ao clicar no botão, um `alert` é exibido com o texto: 'Board inválido!'",
              "timedOut": null,
              "duration": 0,
              "state": "skipped",
              "speed": null,
              "pass": false,
              "fail": false,
              "pending": false,
              "context": null,
              "code": "let alerted = false;\ncy.on('window:alert', msg => alerted = msg);\ncy.get('#generate-board').click().then(() => expect(alerted).to.match(/Board inválido!/i));",
              "err": {},
              "uuid": "ce3b5343-9919-4793-87e0-98297ef4e09d",
              "parentUUID": "3083162b-033d-4979-9aa6-b87895d2cce9",
              "isHook": false,
              "skipped": true
            },
            {
              "title": "Verifica se ao clicar no botão com um valor preenchido, o tamanho do board muda.",
              "fullTitle": "10 - Faça o quadro de pixels ter seu tamanho definido pelo usuário. Verifica se ao clicar no botão com um valor preenchido, o tamanho do board muda.",
              "timedOut": null,
              "duration": 0,
              "state": "skipped",
              "speed": null,
              "pass": false,
              "fail": false,
              "pending": false,
              "context": null,
              "code": "cy.get('#board-size').clear().type(10);\ncy.get('#generate-board').click();\ncy.get('.pixel').should('have.length', 100);",
              "err": {},
              "uuid": "3ddbcf56-3796-41aa-a0ec-152d2e8fa806",
              "parentUUID": "3083162b-033d-4979-9aa6-b87895d2cce9",
              "isHook": false,
              "skipped": true
            },
            {
              "title": "Verifica se o novo quadro tem todos os pixels preenchidos com a cor branca",
              "fullTitle": "10 - Faça o quadro de pixels ter seu tamanho definido pelo usuário. Verifica se o novo quadro tem todos os pixels preenchidos com a cor branca",
              "timedOut": null,
              "duration": 0,
              "state": "skipped",
              "speed": null,
              "pass": false,
              "fail": false,
              "pending": false,
              "context": null,
              "code": "cy.get('#board-size').clear().type(6);\ncy.get('#generate-board').click();\ncy.get('.pixel').should('have.length', 36).each(pixel => {\n  expect(pixel).to.have.css('background-color', WHITE);\n});",
              "err": {},
              "uuid": "02179701-b1af-42d5-88ba-5dbf38966140",
              "parentUUID": "3083162b-033d-4979-9aa6-b87895d2cce9",
              "isHook": false,
              "skipped": true
            }
          ],
          "suites": [],
          "passes": [],
          "failures": [
            "0fd4365f-666f-41c6-b092-5ac81718927c"
          ],
          "pending": [],
          "skipped": [
            "273127ac-6d93-4406-8be7-ef50e3ca0e3c",
            "5c4debde-75ab-4af6-ac95-79908e5bc623",
            "f9db0f43-f78a-49d2-b3db-031b768d7e4f",
            "2b18fd31-14c9-49e1-91ff-6cbfa768605a",
            "dff5ce5e-9da3-4bdf-90bf-eac5e32efe51",
            "ce3b5343-9919-4793-87e0-98297ef4e09d",
            "3ddbcf56-3796-41aa-a0ec-152d2e8fa806",
            "02179701-b1af-42d5-88ba-5dbf38966140"
          ],
          "duration": 170,
          "root": false,
          "rootEmpty": false,
          "_timeout": 2000
        },
        {
          "uuid": "a546f1e9-0824-4a33-b346-309d555ea03d",
          "title": "11 - Limite o tamanho mínimo e máximo do board.",
          "fullFile": "",
          "file": "",
          "beforeHooks": [],
          "afterHooks": [],
          "tests": [
            {
              "title": "Verifica se a altura máxima do board é 50",
              "fullTitle": "11 - Limite o tamanho mínimo e máximo do board. Verifica se a altura máxima do board é 50",
              "timedOut": null,
              "duration": 63,
              "state": "failed",
              "speed": null,
              "pass": false,
              "fail": true,
              "pending": false,
              "context": null,
              "code": "cy.get('#board-size').clear().type(50);\ncy.get('#generate-board').click();\ncy.get('.pixel').should('have.length', 2500);",
              "err": {
                "message": "CypressError: `cy.visit()` failed trying to load:\n\n./index.html\n\nWe failed looking for this file at the path:\n\n/home/usuario/Ãrea de Trabalho/TRYBE/Projetos Trybe/projeto 03: Pixels Art/sd-024-a-project-pixels-art/index.html\n\nThe internal Cypress web server responded with:\n\n  > 404: Not Found\n\nBecause this error occurred during a `before each` hook we are skipping the remaining tests in the current suite: `11 - Limite o tamanho mínim...`",
                "estack": "CypressError: `cy.visit()` failed trying to load:\n\n./index.html\n\nWe failed looking for this file at the path:\n\n/home/usuario/Ãrea de Trabalho/TRYBE/Projetos Trybe/projeto 03: Pixels Art/sd-024-a-project-pixels-art/index.html\n\nThe internal Cypress web server responded with:\n\n  > 404: Not Found\n\nBecause this error occurred during a `before each` hook we are skipping the remaining tests in the current suite: `11 - Limite o tamanho mínim...`\n    at http://localhost:34209/__cypress/runner/cypress_runner.js:156624:84\n    at visitFailedByErr (http://localhost:34209/__cypress/runner/cypress_runner.js:155945:12)\n    at http://localhost:34209/__cypress/runner/cypress_runner.js:156604:13\n    at tryCatcher (http://localhost:34209/__cypress/runner/cypress_runner.js:13012:23)\n    at Promise._settlePromiseFromHandler (http://localhost:34209/__cypress/runner/cypress_runner.js:10947:31)\n    at Promise._settlePromise (http://localhost:34209/__cypress/runner/cypress_runner.js:11004:18)\n    at Promise._settlePromise0 (http://localhost:34209/__cypress/runner/cypress_runner.js:11049:10)\n    at Promise._settlePromises (http://localhost:34209/__cypress/runner/cypress_runner.js:11125:18)\n    at _drainQueueStep (http://localhost:34209/__cypress/runner/cypress_runner.js:7719:12)\n    at _drainQueue (http://localhost:34209/__cypress/runner/cypress_runner.js:7712:9)\n    at Async.../../node_modules/bluebird/js/release/async.js.Async._drainQueues (http://localhost:34209/__cypress/runner/cypress_runner.js:7728:5)\n    at Async.drainQueues (http://localhost:34209/__cypress/runner/cypress_runner.js:7598:14)\nFrom Your Spec Code:\n    at Context.eval (http://localhost:34209/__cypress/tests?p=cypress/e2e/project.cy.js:404:8)",
                "diff": null
              },
              "uuid": "b7303bc6-83e2-429a-ab37-1282537f6adc",
              "parentUUID": "a546f1e9-0824-4a33-b346-309d555ea03d",
              "isHook": false,
              "skipped": false
            },
            {
              "title": "Verifica se a altura do board é 5 quando um valor menor é colocado no input",
              "fullTitle": "11 - Limite o tamanho mínimo e máximo do board. Verifica se a altura do board é 5 quando um valor menor é colocado no input",
              "timedOut": null,
              "duration": 0,
              "state": "skipped",
              "speed": null,
              "pass": false,
              "fail": false,
              "pending": false,
              "context": null,
              "code": "cy.get('#board-size').clear().type(4);\ncy.get('#generate-board').click();\ncy.get('.pixel').should('have.length', 25);",
              "err": {},
              "uuid": "c6f924f3-2ed9-4f07-b153-5f9f62c7d554",
              "parentUUID": "a546f1e9-0824-4a33-b346-309d555ea03d",
              "isHook": false,
              "skipped": true
            },
            {
              "title": "Verifica se a altura do board é 50 quando um valor maior é colocado no input",
              "fullTitle": "11 - Limite o tamanho mínimo e máximo do board. Verifica se a altura do board é 50 quando um valor maior é colocado no input",
              "timedOut": null,
              "duration": 0,
              "state": "skipped",
              "speed": null,
              "pass": false,
              "fail": false,
              "pending": false,
              "context": null,
              "code": "cy.get('#board-size').clear().type(51);\ncy.get('#generate-board').click();\ncy.get('.pixel').should('have.length', 2500);",
              "err": {},
              "uuid": "1ae72264-1d09-4346-b9ac-2819d96a4858",
              "parentUUID": "a546f1e9-0824-4a33-b346-309d555ea03d",
              "isHook": false,
              "skipped": true
            }
          ],
          "suites": [],
          "passes": [],
          "failures": [
            "b7303bc6-83e2-429a-ab37-1282537f6adc"
          ],
          "pending": [],
          "skipped": [
            "c6f924f3-2ed9-4f07-b153-5f9f62c7d554",
            "1ae72264-1d09-4346-b9ac-2819d96a4858"
          ],
          "duration": 63,
          "root": false,
          "rootEmpty": false,
          "_timeout": 2000
        },
        {
          "uuid": "fd08a834-4b3b-4510-ab59-c92dbfcb01d9",
          "title": "12 - Faça com que as cores da paleta sejam geradas aleatoriamente ao carregar a página.",
          "fullFile": "",
          "file": "",
          "beforeHooks": [],
          "afterHooks": [],
          "tests": [
            {
              "title": "Verifica se as cores geradas na paleta são diferentes a cada carregamento da página",
              "fullTitle": "12 - Faça com que as cores da paleta sejam geradas aleatoriamente ao carregar a página. Verifica se as cores geradas na paleta são diferentes a cada carregamento da página",
              "timedOut": null,
              "duration": 68,
              "state": "failed",
              "speed": null,
              "pass": false,
              "fail": true,
              "pending": false,
              "context": null,
              "code": "cy.get('.color').then(colors => {\n  let currentColors;\n  let previousColors;\n  previousColors = Array.from(colors).map(color => Cypress.$(color).css('background-color'));\n  for (let i = 0; i < 5; i += 1) {\n    cy.reload();\n    cy.get('.color').then(colors => {\n      currentColors = Array.from(colors).map(color => Cypress.$(color).css('background-color'));\n      expect(currentColors).not.to.deep.equal(previousColors);\n      previousColors = currentColors;\n    });\n  }\n});",
              "err": {
                "message": "CypressError: `cy.visit()` failed trying to load:\n\n./index.html\n\nWe failed looking for this file at the path:\n\n/home/usuario/Ãrea de Trabalho/TRYBE/Projetos Trybe/projeto 03: Pixels Art/sd-024-a-project-pixels-art/index.html\n\nThe internal Cypress web server responded with:\n\n  > 404: Not Found\n\nBecause this error occurred during a `before each` hook we are skipping the remaining tests in the current suite: `12 - Faça com que as cores ...`",
                "estack": "CypressError: `cy.visit()` failed trying to load:\n\n./index.html\n\nWe failed looking for this file at the path:\n\n/home/usuario/Ãrea de Trabalho/TRYBE/Projetos Trybe/projeto 03: Pixels Art/sd-024-a-project-pixels-art/index.html\n\nThe internal Cypress web server responded with:\n\n  > 404: Not Found\n\nBecause this error occurred during a `before each` hook we are skipping the remaining tests in the current suite: `12 - Faça com que as cores ...`\n    at http://localhost:34209/__cypress/runner/cypress_runner.js:156624:84\n    at visitFailedByErr (http://localhost:34209/__cypress/runner/cypress_runner.js:155945:12)\n    at http://localhost:34209/__cypress/runner/cypress_runner.js:156604:13\n    at tryCatcher (http://localhost:34209/__cypress/runner/cypress_runner.js:13012:23)\n    at Promise._settlePromiseFromHandler (http://localhost:34209/__cypress/runner/cypress_runner.js:10947:31)\n    at Promise._settlePromise (http://localhost:34209/__cypress/runner/cypress_runner.js:11004:18)\n    at Promise._settlePromise0 (http://localhost:34209/__cypress/runner/cypress_runner.js:11049:10)\n    at Promise._settlePromises (http://localhost:34209/__cypress/runner/cypress_runner.js:11125:18)\n    at _drainQueueStep (http://localhost:34209/__cypress/runner/cypress_runner.js:7719:12)\n    at _drainQueue (http://localhost:34209/__cypress/runner/cypress_runner.js:7712:9)\n    at Async.../../node_modules/bluebird/js/release/async.js.Async._drainQueues (http://localhost:34209/__cypress/runner/cypress_runner.js:7728:5)\n    at Async.drainQueues (http://localhost:34209/__cypress/runner/cypress_runner.js:7598:14)\nFrom Your Spec Code:\n    at Context.eval (http://localhost:34209/__cypress/tests?p=cypress/e2e/project.cy.js:424:8)",
                "diff": null
              },
              "uuid": "feecf5fd-7164-4a16-a8c8-7c47150b7361",
              "parentUUID": "fd08a834-4b3b-4510-ab59-c92dbfcb01d9",
              "isHook": false,
              "skipped": false
            },
            {
              "title": "Verifica se a cor preta ainda está presente e é a primeira na sua paleta de cores",
              "fullTitle": "12 - Faça com que as cores da paleta sejam geradas aleatoriamente ao carregar a página. Verifica se a cor preta ainda está presente e é a primeira na sua paleta de cores",
              "timedOut": null,
              "duration": 0,
              "state": "skipped",
              "speed": null,
              "pass": false,
              "fail": false,
              "pending": false,
              "context": null,
              "code": "cy.get('.color').then(colors => {\n  let currentColors;\n  let previousColors;\n  previousColors = Array.from(colors).map(color => Cypress.$(color).css('background-color'));\n  expect(previousColors[0]).to.eq(BLACK);\n  for (let i = 0; i < 5; i += 1) {\n    cy.reload();\n    cy.get('.color').then(colors => {\n      currentColors = Array.from(colors).map(color => Cypress.$(color).css('background-color'));\n      expect(currentColors[0]).to.eq(BLACK);\n      expect(currentColors).not.to.deep.equal(previousColors);\n      previousColors = currentColors;\n    });\n  }\n});",
              "err": {},
              "uuid": "f716a591-0a7a-4958-8c10-711daa9131d7",
              "parentUUID": "fd08a834-4b3b-4510-ab59-c92dbfcb01d9",
              "isHook": false,
              "skipped": true
            }
          ],
          "suites": [],
          "passes": [],
          "failures": [
            "feecf5fd-7164-4a16-a8c8-7c47150b7361"
          ],
          "pending": [],
          "skipped": [
            "f716a591-0a7a-4958-8c10-711daa9131d7"
          ],
          "duration": 68,
          "root": false,
          "rootEmpty": false,
          "_timeout": 2000
        }
      ],
      "passes": [],
      "failures": [],
      "pending": [],
      "skipped": [],
      "duration": 0,
      "root": true,
      "rootEmpty": true,
      "_timeout": 2000
    }
  ],
  "meta": {
    "mocha": {
      "version": "7.0.1"
    },
    "mochawesome": {
      "options": {
        "quiet": false,
        "reportFilename": "mochawesome",
        "saveHtml": false,
        "saveJson": true,
        "consoleReporter": "spec",
        "useInlineDiffs": false
      },
      "version": "4.1.0"
    },
    "marge": {
      "options": {
        "id": "default",
        "reportDir": "cypress/reports",
        "overwrite": true,
        "html": false,
        "json": true
      },
      "version": "4.1.0"
    }
  }
}